eval_001 0.322354085295 0
eval_002 0.297010480984 0
eval_003 0.137638231804 0
eval_004 0.0744826212795 0
eval_005 0.159046279412 0
eval_006 0.0669896313943 0
eval_007 0.806929494838 1
eval_008 0.302402722499 0
eval_009 0.135208619512 0
eval_010 0.208429637811 0
eval_011 0.169535873669 0
eval_012 0.158759679969 0
eval_013 0.281404961521 0
eval_014 0.0619081676974 0
eval_015 0.25975994829 0
eval_016 0.176437166694 0
eval_017 0.0168260270483 0
eval_018 0.100533236207 0
eval_019 0.152120076209 0
eval_020 0.157368492436 0
eval_021 0.227511062397 0
eval_022 0.524107463934 1
eval_023 0.39445716323 0
eval_024 0.285113189571 0
eval_025 0.420778686976 0
eval_026 0.0941629346158 0
eval_027 0.0390371649055 0
eval_028 0.0302228781096 0
eval_029 0.236814884159 0
eval_030 0.216671229635 0
eval_031 0.256758624206 0
eval_032 0.290649740367 0
eval_033 0.136664721918 0
eval_034 0.0787007765389 0
eval_035 0.195347695911 0
eval_036 0.128983017265 0
eval_037 0.15971147385 0
eval_038 0.027629017801 0
eval_039 0.368045537833 0
eval_040 0.00562521907174 0
eval_041 0.0495710174028 0
eval_042 0.269795905076 0
eval_043 0.213344648193 0
eval_044 0.183583631452 0
eval_045 0.059251285128 0
eval_046 0.0987346529471 0
eval_047 0.447978265068 0
eval_048 0.444629013109 0
eval_049 0.151060480774 0
eval_050 0.308141526655 0
eval_051 0.343834137275 0
eval_052 0.162254834839 0
eval_053 0.25071776375 0
eval_054 0.0749555696178 0
eval_055 0.14862309173 0
eval_056 0.138644751501 0
eval_057 0.289806481606 0
eval_058 0.28313410246 0
eval_059 0.00358407947437 0
eval_060 0.178757818869 0
eval_061 0.298283361846 0
eval_062 0.217076336879 0
eval_063 0.276152142464 0
eval_064 0.0475019089491 0
eval_065 0.528454445603 1
eval_066 0.17447894621 0
eval_067 0.105276932506 0
eval_068 0.313043249872 0
eval_069 0.807530171835 1
eval_070 0.0718081640143 0
eval_071 0.0339410155379 0
eval_072 0.012439026856 0
eval_073 0.260923213788 0
eval_074 0.297645034828 0
eval_075 0.400545322568 0
eval_076 0.159763548188 0
eval_077 0.0866174430299 0
eval_078 0.388747139916 0
eval_079 0.501900958936 1
eval_080 0.354989967626 0
eval_081 0.0826876922396 0
eval_082 0.119729355109 0
eval_083 0.233543311045 0
eval_084 0.12849572399 0
eval_085 0.110617412694 0
eval_086 0.157942830771 0
eval_087 0.247255055779 0
eval_088 0.143428272219 0
eval_089 0.225159331959 0
eval_090 0.0482832007877 0
eval_091 0.142266013014 0
eval_092 0.696141866796 1
eval_093 0.144992070481 0
eval_094 0.10428357215 0
eval_095 0.209530594701 0
eval_096 0.0106019108933 0
eval_097 0.166854637135 0
eval_098 0.0310701718274 0
eval_099 0.177231973894 0
eval_100 0.0978155182245 0
eval_101 0.0187717213048 0
eval_102 0.41516190826 0
eval_103 0.497154844848 0
eval_104 0.125067089008 0
eval_105 0.0333015275796 0
eval_106 0.112962805847 0
eval_107 0.0756201436916 0
eval_108 0.131340228169 0
eval_109 0.372721298229 0
eval_110 0.105960708079 0
eval_111 0.312439275494 0
eval_112 0.0320279189397 0
eval_113 0.0611060867002 0
eval_114 0.319777261554 0
eval_115 0.264297205162 0
eval_116 0.421350579847 0
eval_117 0.134228998259 0
eval_118 0.0861389278436 0
eval_119 0.289700859189 0
eval_120 0.0901188446352 0
eval_121 0.402586911406 0
eval_122 0.150157992122 0
eval_123 0.326729811189 0
eval_124 0.144048695824 0
eval_125 0.100049762307 0
eval_126 0.309357418947 0
eval_127 0.22945719712 0
eval_128 0.297254441969 0
eval_129 0.207419997533 0
eval_130 0.0270195179645 0
eval_131 0.028226191447 0
eval_132 0.114525372554 0
eval_133 0.0919124941199 0
eval_134 0.708155715384 1
eval_135 0.129041635982 0
eval_136 0.75871067924 1
eval_137 0.12320867764 0
eval_138 0.165320022514 0
eval_139 0.295465212463 0
eval_140 0.254816720543 0
eval_141 0.0316275244702 0
eval_142 0.0414237911768 0
eval_143 0.0362617252534 0
eval_144 0.129209055593 0
eval_145 0.560527524375 1
eval_146 0.079211789276 0
eval_147 0.512516660216 1
eval_148 0.163719696641 0
eval_149 0.0695265931959 0
eval_150 0.167422718454 0
eval_151 0.524885110763 1
eval_152 0.352244777022 0
eval_153 0.1525603399 0
eval_154 0.0953070701672 0
eval_155 0.244076218851 0
eval_156 0.37360986648 0
eval_157 0.147161414893 0
eval_158 0.168477792756 0
eval_159 0.0906144499927 0
eval_160 0.116632030326 0
eval_161 0.220380363467 0
eval_162 0.100458709811 0
eval_163 0.35373700002 0
eval_164 0.586384440088 1
eval_165 0.20563021721 0
eval_166 0.0639941943653 0
eval_167 0.111585188631 0
eval_168 0.279198954516 0
eval_169 0.186958328868 0
eval_170 0.0549506861402 0
eval_171 0.0202440122644 0
eval_172 0.145629465584 0
eval_173 0.171890775533 0
eval_174 0.173963971601 0
eval_175 0.25813601653 0
eval_176 0.0321574446643 0
eval_177 0.110714228029 0
eval_178 0.251556682706 0
eval_179 0.29536348787 0
eval_180 0.278641396925 0
eval_181 0.0921514511112 0
eval_182 0.263907851008 0
eval_183 0.352805148155 0
eval_184 0.485604623718 0
eval_185 0.221701609103 0
eval_186 0.270537963413 0
eval_187 0.0539392099336 0
eval_188 0.249502246172 0
eval_189 0.19940916637 0
eval_190 0.0176841553061 0
eval_191 0.35394191979 0
eval_192 0.0907476831704 0
eval_193 0.250804157816 0
eval_194 0.378027358715 0
eval_195 0.0566271188015 0
eval_196 0.116736380694 0
eval_197 0.0730226867386 0
eval_198 0.672949299688 1
eval_199 0.0121791980627 0
eval_200 0.0874839068742 0
eval_201 0.0811928989535 0
eval_202 0.0109930854963 0
eval_203 0.792529156088 1
eval_204 0.643456380743 1
eval_205 0.170053786203 0
eval_206 0.179640243357 0
eval_207 0.107667775197 0
eval_208 0.228183158373 0
eval_209 0.0234934005959 0
eval_210 0.29585889511 0
eval_211 0.145107190236 0
eval_212 0.29567028081 0
eval_213 0.118447696793 0
eval_214 0.00364885509168 0
eval_215 0.366919431859 0
eval_216 0.0153170907581 0
eval_217 0.101555036141 0
eval_218 0.175912814302 0
eval_219 0.194826306062 0
eval_220 0.100856252502 0
eval_221 0.52138204811 1
eval_222 0.243697328004 0
eval_223 0.228420746443 0
eval_224 0.0901084417532 0
eval_225 0.248515629071 0
eval_226 0.503882466646 1
eval_227 0.152715311035 0
eval_228 0.146901871336 0
eval_229 0.126334405512 0
eval_230 0.209504271458 0
eval_231 0.263652499966 0
eval_232 0.512332140333 1
eval_233 0.307581603178 0
eval_234 0.0928538183144 0
eval_235 0.0891737851301 0
eval_236 0.155201882378 0
eval_237 0.135955259548 0
eval_238 0.150285957266 0
eval_239 0.0907769776177 0
eval_240 0.253306772915 0
eval_241 0.0722794360657 0
eval_242 0.13697834186 0
eval_243 0.058327119182 0
eval_244 0.0336083225656 0
eval_245 0.114448606289 0
eval_246 0.294951559451 0
eval_247 0.377029172158 0
eval_248 0.0627301204101 0
eval_249 0.236677621205 0
eval_250 0.11264737125 0
eval_251 0.358760783547 0
eval_252 0.322104590932 0
eval_253 0.0439813405998 0
eval_254 0.570873069757 1
eval_255 0.0573663154361 0
eval_256 0.100910696691 0
eval_257 0.242292584652 0
eval_258 0.238932995855 0
eval_259 0.354881975174 0
eval_260 0.446778554686 0
eval_261 0.250269440722 0
eval_262 0.407354453602 0
eval_263 0.0462218962525 0
eval_264 0.169596386 0
eval_265 0.598644368988 1
eval_266 0.103148128308 0
eval_267 0.552430592095 1
eval_268 0.818391568885 1
eval_269 0.210768458658 0
eval_270 0.00741489128956 0
eval_271 0.182751215615 0
eval_272 0.360859418694 0
eval_273 0.0461701576654 0
eval_274 0.173617880946 0
eval_275 0.127618158133 0
eval_276 0.100758551927 0
eval_277 0.175550249786 0
eval_278 0.03460192563 0
eval_279 0.00687001891657 0
eval_280 0.185094884059 0
eval_281 0.141487711985 0
eval_282 0.359614380331 0
eval_283 0.0292450377369 0
eval_284 0.115746124782 0
eval_285 0.146217271742 0
eval_286 0.0755056004532 0
eval_287 0.154260650009 0
eval_288 0.365509820375 0
eval_289 0.100975011586 0
eval_290 0.139102575498 0
eval_291 0.228305291004 0
eval_292 0.214480685271 0
eval_293 0.256883838347 0
eval_294 0.225746739742 0
eval_295 0.547560155791 1
eval_296 0.00431032202025 0
eval_297 0.054028595405 0
eval_298 0.0186023385493 0
eval_299 0.00135971488828 0
eval_300 0.350324197005 0
eval_301 0.162077392735 0
eval_302 0.390656928959 0
eval_303 0.0300975739809 0
eval_304 0.153104838353 0
eval_305 0.325239558647 0
eval_306 0.139482976655 0
eval_307 0.201816840778 0
eval_308 0.0330043592642 0
eval_309 0.325798663885 0
eval_310 0.328989117196 0
eval_311 0.333582774424 0
eval_312 0.159385674347 0
eval_313 0.447354719617 0
eval_314 0.390272194998 0
eval_315 0.226462498579 0
eval_316 0.0108687243006 0
eval_317 0.0389718583173 0
eval_318 0.160323761457 0
eval_319 0.0873237611014 0
eval_320 0.207515060898 0
eval_321 0.0899760849893 0
eval_322 0.154788091177 0
eval_323 0.183989732916 0
eval_324 0.0554152692411 0
eval_325 0.312121914425 0
eval_326 0.125115057573 0
eval_327 0.273605703919 0
eval_328 0.0507202934769 0
eval_329 0.205357884495 0
eval_330 0.0860091229068 0
eval_331 0.159701498225 0
eval_332 0.157530524881 0
eval_333 0.779456783666 1
eval_334 0.142247239763 0
eval_335 0.12369070286 0
eval_336 0.121817244026 0
eval_337 0.0645587924033 0
eval_338 0.202366850086 0
eval_339 0.0479472890342 0
eval_340 0.145658646847 0
eval_341 0.0150402003964 0
eval_342 0.154193783029 0
eval_343 0.164543635176 0
eval_344 0.146270735175 0
eval_345 0.0534312885532 0
eval_346 0.387507557848 0
eval_347 0.272656561293 0
eval_348 0.218576724311 0
eval_349 0.188134632979 0
eval_350 0.108005294192 0
eval_351 0.271983952973 0
eval_352 0.0780121681579 0
eval_353 0.270420190805 0
eval_354 0.245913599897 0
eval_355 0.431890841394 0
eval_356 0.0714685530858 0
eval_357 0.121037882451 0
eval_358 0.297529406777 0
eval_359 0.0601888167034 0
eval_360 0.419013665274 0
eval_361 0.133847915519 0
eval_362 0.681133704592 1
eval_363 0.117877211715 0
eval_364 0.217787275368 0
eval_365 0.0656616085319 0
eval_366 0.0766238173218 0
eval_367 0.0822995655479 0
eval_368 0.216773624964 0
eval_369 0.0555087453041 0
eval_370 0.0673595656879 0
eval_371 0.198753696245 0
eval_372 0.0919117839148 0
eval_373 0.247390874943 0
eval_374 0.330155498564 0
eval_375 0.14527365386 0
eval_376 0.216992290114 0
eval_377 0.110986041281 0
eval_378 0.0866141148538 0
eval_379 0.299654919289 0
eval_380 0.085412054906 0
eval_381 0.202985745676 0
eval_382 0.0699689358203 0
eval_383 0.0549357579936 0
eval_384 0.116779683048 0
eval_385 0.0836370510555 0
eval_386 0.088353289433 0
eval_387 0.58632732502 1
eval_388 0.165681820869 0
eval_389 0.120204427963 0
eval_390 0.117717694668 0
eval_391 0.0974833424599 0
eval_392 0.071190111728 0
eval_393 0.275682409088 0
eval_394 0.189168248693 0
eval_395 0.0825497170204 0
eval_396 0.163739302626 0
eval_397 0.243899280731 0
eval_398 0.0766996593837 0
eval_399 0.0982094417938 0
eval_400 0.133949073401 0
eval_401 0.120282718191 0
eval_402 0.827008687896 1
eval_403 0.0987016470907 0
eval_404 0.51683927949 1
eval_405 0.0921404563656 0
eval_406 0.146743237609 0
eval_407 0.206105476064 0
eval_408 0.110967749109 0
eval_409 0.140862021966 0
eval_410 0.0788113042492 0
eval_411 0.130481580027 0
eval_412 0.0597583124188 0
eval_413 0.403434729616 0
eval_414 0.265920827201 0
eval_415 0.387140797092 0
eval_416 0.256618429894 0
eval_417 0.0244022930935 0
eval_418 0.0889445896366 0
eval_419 0.175461871411 0
eval_420 0.203907000396 0
eval_421 0.393608426676 0
eval_422 0.0128868359058 0
eval_423 0.128179411308 0
eval_424 0.113125521859 0
eval_425 0.391106156768 0
eval_426 0.301115108847 0
eval_427 0.281151135056 0
eval_428 0.0549064679906 0
eval_429 0.573110641589 1
eval_430 0.0576651656324 0
eval_431 0.108120127838 0
eval_432 0.0773837738297 0
eval_433 0.0919171685468 0
eval_434 0.11716254773 0
eval_435 0.102650552328 0
eval_436 0.129735223844 0
eval_437 0.106833661389 0
eval_438 0.180274623581 0
eval_439 0.00171052334383 0
eval_440 0.071286671589 0
eval_441 0.212802890855 0
eval_442 0.118876647169 0
eval_443 0.139777167937 0
eval_444 0.0598517535776 0
eval_445 0.151568503685 0
eval_446 0.0968328321712 0
eval_447 0.403071619799 0
eval_448 0.0866060114994 0
eval_449 0.217549527184 0
eval_450 0.102414932464 0
eval_451 0.017270328638 0
eval_452 0.185890468344 0
eval_453 0.567022807348 1
eval_454 0.142271524274 0
eval_455 0.0202681159934 0
eval_456 0.35864054758 0
eval_457 0.283967291256 0
eval_458 0.125439877274 0
eval_459 0.838473500701 1
eval_460 0.115510833518 0
eval_461 0.10517949711 0
eval_462 0.134040744174 0
eval_463 0.205202487199 0
eval_464 0.685513757909 1
eval_465 0.0650794067876 0
eval_466 0.170666165052 0
eval_467 0.233358686907 0
eval_468 0.164631391968 0
eval_469 0.035455020922 0
eval_470 0.0798666489566 0
eval_471 0.142838864155 0
eval_472 0.189827719528 0
eval_473 0.108715432605 0
eval_474 0.164336684505 0
eval_475 0.141507254979 0
eval_476 0.0386305898937 0
eval_477 0.57671391864 1
eval_478 0.590177664873 1
eval_479 0.371802561786 0
eval_480 0.355638510988 0
eval_481 0.170406953025 0
eval_482 0.129948030532 0
eval_483 0.0891981495147 0
eval_484 0.504893013844 1
eval_485 0.166689224682 0
eval_486 0.742427851947 1
eval_487 0.176525215091 0
eval_488 0.0915290830479 0
eval_489 0.124822921721 0
eval_490 0.0514721611908 0
eval_491 0.215711491813 0
eval_492 0.495402490052 0
eval_493 0.147432549294 0
eval_494 0.100235898843 0
eval_495 0.505884882755 1
eval_496 0.531199673452 1
eval_497 0.105950811376 0
eval_498 0.402195581075 0
eval_499 0.16611135076 0
eval_500 0.249870073893 0
eval_501 0.548659978548 1
eval_502 0.175589955327 0
eval_503 0.157028419525 0
eval_504 0.345798278373 0
eval_505 0.0857780943775 0
eval_506 0.229788855317 0
eval_507 0.154128414453 0
eval_508 0.0909106554031 0
eval_509 0.129083795082 0
eval_510 0.701301735659 1
eval_511 0.141380649177 0
eval_512 0.15158932955 0
eval_513 0.00696401172968 0
eval_514 0.421732814343 0
eval_515 0.0657716135826 0
eval_516 0.235878900766 0
eval_517 0.0857057967831 0
eval_518 0.0744990714919 0
eval_519 0.0345170790586 0
eval_520 0.162201483342 0
eval_521 0.221103816863 0
eval_522 0.0559377060734 0
eval_523 0.110264017849 0
eval_524 0.0535047568472 0
eval_525 0.539271197491 1
eval_526 0.0487215478155 0
eval_527 0.163515043849 0
eval_528 0.275060827637 0
eval_529 0.089741920474 0
eval_530 0.117532945506 0
eval_531 0.105540555495 0
eval_532 0.0958961260443 0
eval_533 0.043071934959 0
eval_534 0.0705315395679 0
eval_535 0.00922855473834 0
eval_536 0.111665736928 0
eval_537 0.0616644239672 0
eval_538 0.104624263652 0
eval_539 0.127702855543 0
eval_540 0.35203879512 0
eval_541 0.0616474700416 0
eval_542 0.206327838472 0
eval_543 0.407471223506 0
eval_544 0.397508063543 0
eval_545 0.0991239305878 0
eval_546 0.299275392093 0
eval_547 0.109104089536 0
eval_548 0.0697848308555 0
eval_549 0.00377635608389 0
eval_550 0.462427743334 0
eval_551 0.15488371636 0
eval_552 0.0820102404145 0
eval_553 0.0701764008044 0
eval_554 0.124303271076 0
eval_555 0.258217072986 0
eval_556 0.611818068024 1
eval_557 0.127321159831 0
eval_558 0.105783506342 0
eval_559 0.532149621467 1
eval_560 0.455555525201 0
eval_561 0.0679225285304 0
eval_562 0.0528883723721 0
eval_563 0.133544821251 0
eval_564 0.098600221348 0
eval_565 0.10488235816 0
eval_566 0.0988041919547 0
eval_567 0.707709494095 1
eval_568 0.10764885592 0
eval_569 0.0405555300543 0
eval_570 0.12617445017 0
eval_571 0.654381838807 1
eval_572 0.158888983516 0
eval_573 0.0259732146724 0
eval_574 0.0683385483637 0
eval_575 0.762574167566 1
eval_576 0.170905034262 0
eval_577 0.357541180152 0
eval_578 0.161164740138 0
eval_579 0.523328321246 1
eval_580 0.0709880672947 0
eval_581 0.00846394185291 0
eval_582 0.609935592731 1
eval_583 0.572831944065 1
eval_584 0.208119176329 0
eval_585 0.189532756402 0
eval_586 0.281540300352 0
eval_587 0.0726349763026 0
eval_588 0.00971827588006 0
eval_589 0.141675816506 0
eval_590 0.356914682228 0
eval_591 0.149092530981 0
eval_592 0.0641857511147 0
eval_593 0.399114305985 0
eval_594 0.0305535601825 0
eval_595 0.209778545153 0
eval_596 0.197293400641 0
eval_597 0.206075947746 0
eval_598 0.183892624789 0
eval_599 0.101174552475 0
eval_600 0.142327976238 0
eval_601 0.156662833965 0
eval_602 0.00161646410528 0
eval_603 0.0458328398761 0
eval_604 0.109570925009 0
eval_605 0.555323763381 1
eval_606 0.129426438579 0
eval_607 0.149432368824 0
eval_608 0.277751656903 0
eval_609 0.0576169737678 0
eval_610 0.174539642086 0
eval_611 0.420240421791 0
eval_612 0.3126681968 0
eval_613 0.144959248262 0
eval_614 0.317470598744 0
eval_615 0.328605136337 0
eval_616 0.00738111674342 0
eval_617 0.344800677664 0
eval_618 0.417206349195 0
eval_619 0.022151259563 0
eval_620 0.40707046766 0
eval_621 0.207028750104 0
eval_622 0.173198499107 0
eval_623 0.00770790009549 0
eval_624 0.270699463899 0
eval_625 0.555286701548 1
eval_626 0.685073046135 1
eval_627 0.201977881279 0
eval_628 0.104925600493 0
eval_629 0.640325751438 1
eval_630 0.0635016547093 0
eval_631 0.0936429606105 0
eval_632 0.213079814099 0
eval_633 0.192261234735 0
eval_634 0.0496825940303 0
eval_635 0.243591889988 0
eval_636 0.497882808953 0
eval_637 0.376790892644 0
eval_638 0.565297738317 1
eval_639 0.123504958494 0
eval_640 0.00264678299285 0
eval_641 0.257298836783 0
eval_642 0.0972860292683 0
eval_643 0.298303531235 0
eval_644 0.250776891685 0
eval_645 0.0978838630345 0
eval_646 0.10785400875 0
eval_647 0.362108737592 0
eval_648 0.00912611267092 0
eval_649 0.139071847045 0
eval_650 0.0265170212802 0
eval_651 0.18382060029 0
eval_652 0.467088252942 0
eval_653 0.0357524390474 0
eval_654 0.323177626219 0
eval_655 0.145009618024 0
eval_656 0.0650610463743 0
eval_657 0.357059728042 0
eval_658 0.284076211263 0
eval_659 0.0418528843284 0
eval_660 0.144421719759 0
eval_661 0.111770959098 0
eval_662 0.38284218621 0
eval_663 0.0258098624842 0
eval_664 0.0291920816632 0
eval_665 0.537673282627 1
eval_666 0.132184949426 0
eval_667 0.223933842418 0
eval_668 0.0479547695844 0
eval_669 0.770179557141 1
eval_670 0.00274047024018 0
eval_671 0.0278792508067 0
